<?xml version="1.0" encoding="UTF-8"?>
<testng-results skipped="0" failed="0" ignored="0" total="10" passed="10">
  <reporter-output>
  </reporter-output>
  <suite name="Surefire suite" duration-ms="150932" started-at="2022-07-17T11:02:39 EET" finished-at="2022-07-17T11:05:10 EET">
    <groups>
      <group name="cucumber">
        <method signature="AbstractTestNGCucumberTests.runScenario(io.cucumber.testng.PickleWrapper,io.cucumber.testng.FeatureWrapper)[pri:0, instance:org.example.testRunner.runners@42eca56e]" name="runScenario" class="io.cucumber.testng.AbstractTestNGCucumberTests"/>
      </group> <!-- cucumber -->
    </groups>
    <test name="Surefire test" duration-ms="150932" started-at="2022-07-17T11:02:39 EET" finished-at="2022-07-17T11:05:10 EET">
      <class name="org.example.testRunner.runners">
        <test-method status="PASS" signature="setUpClass(org.testng.ITestContext)[pri:0, instance:org.example.testRunner.runners@42eca56e]" name="setUpClass" is-config="true" duration-ms="1133" started-at="2022-07-17T11:02:39 EET" finished-at="2022-07-17T11:02:41 EET">
          <params>
            <param index="0">
              <value>
                <![CDATA[org.testng.TestRunner@325162e9]]>
              </value>
            </param>
          </params>
          <reporter-output>
          </reporter-output>
        </test-method> <!-- setUpClass -->
        <test-method status="PASS" signature="runScenario(io.cucumber.testng.PickleWrapper,io.cucumber.testng.FeatureWrapper)[pri:0, instance:org.example.testRunner.runners@42eca56e]" name="runScenario" duration-ms="16580" started-at="2022-07-17T11:02:41 EET" description="Runs Cucumber Scenarios" data-provider="scenarios" finished-at="2022-07-17T11:02:57 EET">
          <params>
            <param index="0">
              <value>
                <![CDATA["guest user could register with valid data successfully"]]>
              </value>
            </param>
            <param index="1">
              <value>
                <![CDATA["F01_Register | users could register with new accounts"]]>
              </value>
            </param>
          </params>
          <reporter-output>
          </reporter-output>
        </test-method> <!-- runScenario -->
        <test-method status="PASS" signature="runScenario(io.cucumber.testng.PickleWrapper,io.cucumber.testng.FeatureWrapper)[pri:0, instance:org.example.testRunner.runners@42eca56e]" name="runScenario" duration-ms="12435" started-at="2022-07-17T11:02:57 EET" description="Runs Cucumber Scenarios" data-provider="scenarios" finished-at="2022-07-17T11:03:10 EET">
          <params>
            <param index="0">
              <value>
                <![CDATA["user could login with valid email and password"]]>
              </value>
            </param>
            <param index="1">
              <value>
                <![CDATA["F02_Login | users could use login functionality to use their accounts"]]>
              </value>
            </param>
          </params>
          <reporter-output>
          </reporter-output>
        </test-method> <!-- runScenario -->
        <test-method status="PASS" signature="runScenario(io.cucumber.testng.PickleWrapper,io.cucumber.testng.FeatureWrapper)[pri:0, instance:org.example.testRunner.runners@42eca56e]" name="runScenario" duration-ms="10949" started-at="2022-07-17T11:03:10 EET" description="Runs Cucumber Scenarios" data-provider="scenarios" finished-at="2022-07-17T11:03:21 EET">
          <params>
            <param index="0">
              <value>
                <![CDATA["user could not login with invalid email and password"]]>
              </value>
            </param>
            <param index="1">
              <value>
                <![CDATA["F02_Login | users could use login functionality to use their accounts"]]>
              </value>
            </param>
          </params>
          <reporter-output>
          </reporter-output>
        </test-method> <!-- runScenario -->
        <test-method status="PASS" signature="runScenario(io.cucumber.testng.PickleWrapper,io.cucumber.testng.FeatureWrapper)[pri:0, instance:org.example.testRunner.runners@42eca56e]" name="runScenario" duration-ms="10584" started-at="2022-07-17T11:03:21 EET" description="Runs Cucumber Scenarios" data-provider="scenarios" finished-at="2022-07-17T11:03:31 EET">
          <params>
            <param index="0">
              <value>
                <![CDATA["user could change currency from the top left drop down list"]]>
              </value>
            </param>
            <param index="1">
              <value>
                <![CDATA["F03_currencies | users could change currency"]]>
              </value>
            </param>
          </params>
          <reporter-output>
          </reporter-output>
        </test-method> <!-- runScenario -->
        <test-method status="PASS" signature="runScenario(io.cucumber.testng.PickleWrapper,io.cucumber.testng.FeatureWrapper)[pri:0, instance:org.example.testRunner.runners@42eca56e]" name="runScenario" duration-ms="16730" started-at="2022-07-17T11:03:31 EET" description="Runs Cucumber Scenarios" data-provider="scenarios" finished-at="2022-07-17T11:03:48 EET">
          <params>
            <param index="0">
              <value>
                <![CDATA["user could search using product name"]]>
              </value>
            </param>
            <param index="1">
              <value>
                <![CDATA["F03_Search | user could search using product name"]]>
              </value>
            </param>
          </params>
          <reporter-output>
          </reporter-output>
        </test-method> <!-- runScenario -->
        <test-method status="PASS" signature="runScenario(io.cucumber.testng.PickleWrapper,io.cucumber.testng.FeatureWrapper)[pri:0, instance:org.example.testRunner.runners@42eca56e]" name="runScenario" duration-ms="16906" started-at="2022-07-17T11:03:48 EET" description="Runs Cucumber Scenarios" data-provider="scenarios" finished-at="2022-07-17T11:04:05 EET">
          <params>
            <param index="0">
              <value>
                <![CDATA["user could search using product name"]]>
              </value>
            </param>
            <param index="1">
              <value>
                <![CDATA["F03_Search | user could search using product name"]]>
              </value>
            </param>
          </params>
          <reporter-output>
          </reporter-output>
        </test-method> <!-- runScenario -->
        <test-method status="PASS" signature="runScenario(io.cucumber.testng.PickleWrapper,io.cucumber.testng.FeatureWrapper)[pri:0, instance:org.example.testRunner.runners@42eca56e]" name="runScenario" duration-ms="16571" started-at="2022-07-17T11:04:05 EET" description="Runs Cucumber Scenarios" data-provider="scenarios" finished-at="2022-07-17T11:04:21 EET">
          <params>
            <param index="0">
              <value>
                <![CDATA["user could search using product name"]]>
              </value>
            </param>
            <param index="1">
              <value>
                <![CDATA["F03_Search | user could search using product name"]]>
              </value>
            </param>
          </params>
          <reporter-output>
          </reporter-output>
        </test-method> <!-- runScenario -->
        <test-method status="PASS" signature="runScenario(io.cucumber.testng.PickleWrapper,io.cucumber.testng.FeatureWrapper)[pri:0, instance:org.example.testRunner.runners@42eca56e]" name="runScenario" duration-ms="16532" started-at="2022-07-17T11:04:21 EET" description="Runs Cucumber Scenarios" data-provider="scenarios" finished-at="2022-07-17T11:04:38 EET">
          <params>
            <param index="0">
              <value>
                <![CDATA["user could search for product using sku"]]>
              </value>
            </param>
            <param index="1">
              <value>
                <![CDATA["F03_Search | user could search using product name"]]>
              </value>
            </param>
          </params>
          <reporter-output>
          </reporter-output>
        </test-method> <!-- runScenario -->
        <test-method status="PASS" signature="runScenario(io.cucumber.testng.PickleWrapper,io.cucumber.testng.FeatureWrapper)[pri:0, instance:org.example.testRunner.runners@42eca56e]" name="runScenario" duration-ms="16136" started-at="2022-07-17T11:04:38 EET" description="Runs Cucumber Scenarios" data-provider="scenarios" finished-at="2022-07-17T11:04:54 EET">
          <params>
            <param index="0">
              <value>
                <![CDATA["user could search for product using sku"]]>
              </value>
            </param>
            <param index="1">
              <value>
                <![CDATA["F03_Search | user could search using product name"]]>
              </value>
            </param>
          </params>
          <reporter-output>
          </reporter-output>
        </test-method> <!-- runScenario -->
        <test-method status="PASS" signature="runScenario(io.cucumber.testng.PickleWrapper,io.cucumber.testng.FeatureWrapper)[pri:0, instance:org.example.testRunner.runners@42eca56e]" name="runScenario" duration-ms="16071" started-at="2022-07-17T11:04:54 EET" description="Runs Cucumber Scenarios" data-provider="scenarios" finished-at="2022-07-17T11:05:10 EET">
          <params>
            <param index="0">
              <value>
                <![CDATA["user could search for product using sku"]]>
              </value>
            </param>
            <param index="1">
              <value>
                <![CDATA["F03_Search | user could search using product name"]]>
              </value>
            </param>
          </params>
          <reporter-output>
          </reporter-output>
        </test-method> <!-- runScenario -->
        <test-method status="PASS" signature="tearDownClass()[pri:0, instance:org.example.testRunner.runners@42eca56e]" name="tearDownClass" is-config="true" duration-ms="248" started-at="2022-07-17T11:05:10 EET" finished-at="2022-07-17T11:05:10 EET">
          <reporter-output>
          </reporter-output>
        </test-method> <!-- tearDownClass -->
      </class> <!-- org.example.testRunner.runners -->
    </test> <!-- Surefire test -->
  </suite> <!-- Surefire suite -->
</testng-results>
